{"level":"info","message":"App is listening on url http://localhost:8080","timestamp":"2022-11-03T09:27:29.966Z"}
{"level":"info","message":"MongoDb connected successfuly...","timestamp":"2022-11-03T09:27:30.006Z"}
{"level":"info","message":"App is listening on url http://localhost:8080","timestamp":"2022-11-03T09:27:33.232Z"}
{"level":"info","message":"MongoDb connected successfuly...","timestamp":"2022-11-03T09:27:33.261Z"}
{"level":"info","message":"App is listening on url http://localhost:8080","timestamp":"2022-11-03T09:27:35.857Z"}
{"level":"info","message":"MongoDb connected successfuly...","timestamp":"2022-11-03T09:27:35.869Z"}
{"message":"/projects/node-crud-evs/views/deleteCustomer.ejs:4\n    2|     <div class=\"row\">\n    3|         <div class=\"col-8\">\n >> 4|             <h4 class=\"font-weight-bold\"><%= customer.firstname %> <%= customer.lastname %></h4>\n    5|             <p class=\"lead\">Alert! do you want to delete this customer??</p>\n    6|             <p class=\"lead\">\n    7|             <form action=\"/deleteCustomer/<%= customer._id %>\" method=\"POST\">\n\nCannot read property 'firstname' of null","stack":"TypeError: /projects/node-crud-evs/views/deleteCustomer.ejs:4\n    2|     <div class=\"row\">\n    3|         <div class=\"col-8\">\n >> 4|             <h4 class=\"font-weight-bold\"><%= customer.firstname %> <%= customer.lastname %></h4>\n    5|             <p class=\"lead\">Alert! do you want to delete this customer??</p>\n    6|             <p class=\"lead\">\n    7|             <form action=\"/deleteCustomer/<%= customer._id %>\" method=\"POST\">\n\nCannot read property 'firstname' of null\n    at eval (eval at compile (/projects/node-crud-evs/node_modules/ejs/lib/ejs.js:673:12), <anonymous>:12:35)\n    at deleteCustomer (/projects/node-crud-evs/node_modules/ejs/lib/ejs.js:703:17)\n    at tryHandleCache (/projects/node-crud-evs/node_modules/ejs/lib/ejs.js:274:36)\n    at View.exports.renderFile [as engine] (/projects/node-crud-evs/node_modules/ejs/lib/ejs.js:491:10)\n    at View.render (/projects/node-crud-evs/node_modules/express/lib/view.js:135:8)\n    at tryRender (/projects/node-crud-evs/node_modules/express/lib/application.js:657:10)\n    at Function.render (/projects/node-crud-evs/node_modules/express/lib/application.js:609:3)\n    at ServerResponse.render (/projects/node-crud-evs/node_modules/express/lib/response.js:1039:7)\n    at ServerResponse.res.render (/projects/node-crud-evs/node_modules/express-ejs-layouts/lib/express-layouts.js:77:18)\n    at getDeleteCustomerView (/projects/node-crud-evs/controllers/customerController.js:62:13)","path":"/projects/node-crud-evs/views/deleteCustomer.ejs","level":"error","timestamp":"2022-11-03T09:56:57.241Z"}
{"message":"/projects/node-crud-evs/views/deleteCustomer.ejs:4\n    2|     <div class=\"row\">\n    3|         <div class=\"col-8\">\n >> 4|             <h4 class=\"font-weight-bold\"><%= customer.firstname %> <%= customer.lastname %></h4>\n    5|             <p class=\"lead\">Alert! do you want to delete this customer??</p>\n    6|             <p class=\"lead\">\n    7|             <form action=\"/deleteCustomer/<%= customer._id %>\" method=\"POST\">\n\nCannot read property 'firstname' of null","stack":"TypeError: /projects/node-crud-evs/views/deleteCustomer.ejs:4\n    2|     <div class=\"row\">\n    3|         <div class=\"col-8\">\n >> 4|             <h4 class=\"font-weight-bold\"><%= customer.firstname %> <%= customer.lastname %></h4>\n    5|             <p class=\"lead\">Alert! do you want to delete this customer??</p>\n    6|             <p class=\"lead\">\n    7|             <form action=\"/deleteCustomer/<%= customer._id %>\" method=\"POST\">\n\nCannot read property 'firstname' of null\n    at eval (eval at compile (/projects/node-crud-evs/node_modules/ejs/lib/ejs.js:673:12), <anonymous>:12:35)\n    at deleteCustomer (/projects/node-crud-evs/node_modules/ejs/lib/ejs.js:703:17)\n    at tryHandleCache (/projects/node-crud-evs/node_modules/ejs/lib/ejs.js:274:36)\n    at View.exports.renderFile [as engine] (/projects/node-crud-evs/node_modules/ejs/lib/ejs.js:491:10)\n    at View.render (/projects/node-crud-evs/node_modules/express/lib/view.js:135:8)\n    at tryRender (/projects/node-crud-evs/node_modules/express/lib/application.js:657:10)\n    at Function.render (/projects/node-crud-evs/node_modules/express/lib/application.js:609:3)\n    at ServerResponse.render (/projects/node-crud-evs/node_modules/express/lib/response.js:1039:7)\n    at ServerResponse.res.render (/projects/node-crud-evs/node_modules/express-ejs-layouts/lib/express-layouts.js:77:18)\n    at getDeleteCustomerView (/projects/node-crud-evs/controllers/customerController.js:62:13)","path":"/projects/node-crud-evs/views/deleteCustomer.ejs","level":"error","timestamp":"2022-11-03T09:56:59.504Z"}
{"message":"/projects/node-crud-evs/views/deleteCustomer.ejs:4\n    2|     <div class=\"row\">\n    3|         <div class=\"col-8\">\n >> 4|             <h4 class=\"font-weight-bold\"><%= customer.firstname %> <%= customer.lastname %></h4>\n    5|             <p class=\"lead\">Alert! do you want to delete this customer??</p>\n    6|             <p class=\"lead\">\n    7|             <form action=\"/deleteCustomer/<%= customer._id %>\" method=\"POST\">\n\nCannot read property 'firstname' of null","stack":"TypeError: /projects/node-crud-evs/views/deleteCustomer.ejs:4\n    2|     <div class=\"row\">\n    3|         <div class=\"col-8\">\n >> 4|             <h4 class=\"font-weight-bold\"><%= customer.firstname %> <%= customer.lastname %></h4>\n    5|             <p class=\"lead\">Alert! do you want to delete this customer??</p>\n    6|             <p class=\"lead\">\n    7|             <form action=\"/deleteCustomer/<%= customer._id %>\" method=\"POST\">\n\nCannot read property 'firstname' of null\n    at eval (eval at compile (/projects/node-crud-evs/node_modules/ejs/lib/ejs.js:673:12), <anonymous>:12:35)\n    at deleteCustomer (/projects/node-crud-evs/node_modules/ejs/lib/ejs.js:703:17)\n    at tryHandleCache (/projects/node-crud-evs/node_modules/ejs/lib/ejs.js:274:36)\n    at View.exports.renderFile [as engine] (/projects/node-crud-evs/node_modules/ejs/lib/ejs.js:491:10)\n    at View.render (/projects/node-crud-evs/node_modules/express/lib/view.js:135:8)\n    at tryRender (/projects/node-crud-evs/node_modules/express/lib/application.js:657:10)\n    at Function.render (/projects/node-crud-evs/node_modules/express/lib/application.js:609:3)\n    at ServerResponse.render (/projects/node-crud-evs/node_modules/express/lib/response.js:1039:7)\n    at ServerResponse.res.render (/projects/node-crud-evs/node_modules/express-ejs-layouts/lib/express-layouts.js:77:18)\n    at getDeleteCustomerView (/projects/node-crud-evs/controllers/customerController.js:62:13)","path":"/projects/node-crud-evs/views/deleteCustomer.ejs","level":"error","timestamp":"2022-11-03T09:57:27.105Z"}
{"message":"Could not find matching close tag for \"<%=\".","stack":"Error: Could not find matching close tag for \"<%=\".\n    at /projects/node-crud-evs/node_modules/ejs/lib/ejs.js:752:19\n    at Array.forEach (<anonymous>)\n    at Template.generateSource (/projects/node-crud-evs/node_modules/ejs/lib/ejs.js:742:15)\n    at Template.compile (/projects/node-crud-evs/node_modules/ejs/lib/ejs.js:587:12)\n    at Object.compile (/projects/node-crud-evs/node_modules/ejs/lib/ejs.js:398:16)\n    at handleCache (/projects/node-crud-evs/node_modules/ejs/lib/ejs.js:235:18)\n    at tryHandleCache (/projects/node-crud-evs/node_modules/ejs/lib/ejs.js:274:16)\n    at View.exports.renderFile [as engine] (/projects/node-crud-evs/node_modules/ejs/lib/ejs.js:491:10)\n    at View.render (/projects/node-crud-evs/node_modules/express/lib/view.js:135:8)\n    at tryRender (/projects/node-crud-evs/node_modules/express/lib/application.js:657:10)","level":"error","timestamp":"2022-11-03T09:57:31.864Z"}
{"level":"info","message":"App is listening on url http://localhost:8080","timestamp":"2022-11-03T09:58:55.461Z"}
{"level":"info","message":"MongoDb connected successfuly...","timestamp":"2022-11-03T09:58:55.473Z"}
{"message":"Could not find matching close tag for \"<%=\".","stack":"Error: Could not find matching close tag for \"<%=\".\n    at /projects/node-crud-evs/node_modules/ejs/lib/ejs.js:752:19\n    at Array.forEach (<anonymous>)\n    at Template.generateSource (/projects/node-crud-evs/node_modules/ejs/lib/ejs.js:742:15)\n    at Template.compile (/projects/node-crud-evs/node_modules/ejs/lib/ejs.js:587:12)\n    at Object.compile (/projects/node-crud-evs/node_modules/ejs/lib/ejs.js:398:16)\n    at handleCache (/projects/node-crud-evs/node_modules/ejs/lib/ejs.js:235:18)\n    at tryHandleCache (/projects/node-crud-evs/node_modules/ejs/lib/ejs.js:274:16)\n    at View.exports.renderFile [as engine] (/projects/node-crud-evs/node_modules/ejs/lib/ejs.js:491:10)\n    at View.render (/projects/node-crud-evs/node_modules/express/lib/view.js:135:8)\n    at tryRender (/projects/node-crud-evs/node_modules/express/lib/application.js:657:10)","level":"error","timestamp":"2022-11-03T09:59:00.035Z"}
{"message":"Could not find matching close tag for \"<%=\".","stack":"Error: Could not find matching close tag for \"<%=\".\n    at /projects/node-crud-evs/node_modules/ejs/lib/ejs.js:752:19\n    at Array.forEach (<anonymous>)\n    at Template.generateSource (/projects/node-crud-evs/node_modules/ejs/lib/ejs.js:742:15)\n    at Template.compile (/projects/node-crud-evs/node_modules/ejs/lib/ejs.js:587:12)\n    at Object.compile (/projects/node-crud-evs/node_modules/ejs/lib/ejs.js:398:16)\n    at handleCache (/projects/node-crud-evs/node_modules/ejs/lib/ejs.js:235:18)\n    at tryHandleCache (/projects/node-crud-evs/node_modules/ejs/lib/ejs.js:274:16)\n    at View.exports.renderFile [as engine] (/projects/node-crud-evs/node_modules/ejs/lib/ejs.js:491:10)\n    at View.render (/projects/node-crud-evs/node_modules/express/lib/view.js:135:8)\n    at tryRender (/projects/node-crud-evs/node_modules/express/lib/application.js:657:10)","level":"error","timestamp":"2022-11-03T09:59:03.885Z"}
{"message":"Could not find matching close tag for \"<%=\".","stack":"Error: Could not find matching close tag for \"<%=\".\n    at /projects/node-crud-evs/node_modules/ejs/lib/ejs.js:752:19\n    at Array.forEach (<anonymous>)\n    at Template.generateSource (/projects/node-crud-evs/node_modules/ejs/lib/ejs.js:742:15)\n    at Template.compile (/projects/node-crud-evs/node_modules/ejs/lib/ejs.js:587:12)\n    at Object.compile (/projects/node-crud-evs/node_modules/ejs/lib/ejs.js:398:16)\n    at handleCache (/projects/node-crud-evs/node_modules/ejs/lib/ejs.js:235:18)\n    at tryHandleCache (/projects/node-crud-evs/node_modules/ejs/lib/ejs.js:274:16)\n    at View.exports.renderFile [as engine] (/projects/node-crud-evs/node_modules/ejs/lib/ejs.js:491:10)\n    at View.render (/projects/node-crud-evs/node_modules/express/lib/view.js:135:8)\n    at tryRender (/projects/node-crud-evs/node_modules/express/lib/application.js:657:10)","level":"error","timestamp":"2022-11-03T10:00:29.123Z"}
{"message":"Could not find matching close tag for \"<%=\".","stack":"Error: Could not find matching close tag for \"<%=\".\n    at /projects/node-crud-evs/node_modules/ejs/lib/ejs.js:752:19\n    at Array.forEach (<anonymous>)\n    at Template.generateSource (/projects/node-crud-evs/node_modules/ejs/lib/ejs.js:742:15)\n    at Template.compile (/projects/node-crud-evs/node_modules/ejs/lib/ejs.js:587:12)\n    at Object.compile (/projects/node-crud-evs/node_modules/ejs/lib/ejs.js:398:16)\n    at handleCache (/projects/node-crud-evs/node_modules/ejs/lib/ejs.js:235:18)\n    at tryHandleCache (/projects/node-crud-evs/node_modules/ejs/lib/ejs.js:274:16)\n    at View.exports.renderFile [as engine] (/projects/node-crud-evs/node_modules/ejs/lib/ejs.js:491:10)\n    at View.render (/projects/node-crud-evs/node_modules/express/lib/view.js:135:8)\n    at tryRender (/projects/node-crud-evs/node_modules/express/lib/application.js:657:10)","level":"error","timestamp":"2022-11-03T10:00:42.060Z"}
{"level":"info","message":"App is listening on url http://localhost:8080","timestamp":"2022-11-03T10:07:07.852Z"}
{"level":"info","message":"MongoDb connected successfuly...","timestamp":"2022-11-03T10:07:07.868Z"}
{"level":"info","message":"App is listening on url http://localhost:8080","timestamp":"2022-11-03T10:15:42.635Z"}
{"level":"info","message":"MongoDb connected successfuly...","timestamp":"2022-11-03T10:15:42.652Z"}
{"level":"info","message":"App is listening on url http://localhost:8080","timestamp":"2022-11-03T10:16:06.808Z"}
{"level":"info","message":"MongoDb connected successfuly...","timestamp":"2022-11-03T10:16:06.821Z"}
{"level":"info","message":"App is listening on url http://localhost:8080","timestamp":"2022-11-03T10:16:43.079Z"}
{"level":"info","message":"MongoDb connected successfuly...","timestamp":"2022-11-03T10:16:43.117Z"}
{"message":"Customer validation failed: age: Path `age` is required.","stack":"ValidationError: Customer validation failed: age: Path `age` is required.\n    at model.Document.invalidate (/projects/node-crud-evs/node_modules/mongoose/lib/document.js:3097:32)\n    at /projects/node-crud-evs/node_modules/mongoose/lib/document.js:2885:17\n    at /projects/node-crud-evs/node_modules/mongoose/lib/schematype.js:1349:9\n    at processTicksAndRejections (internal/process/task_queues.js:75:11)","errors":{"age":{"name":"ValidatorError","message":"Path `age` is required.","properties":{"message":"Path `age` is required.","type":"required","path":"age"},"kind":"required","path":"age"}},"_message":"Customer validation failed","level":"error","timestamp":"2022-11-03T10:19:29.519Z"}
{"level":"info","message":"App is listening on url http://localhost:8080","timestamp":"2022-11-03T10:21:14.845Z"}
{"level":"info","message":"MongoDb connected successfuly...","timestamp":"2022-11-03T10:21:14.867Z"}
{"message":"Customer validation failed: age: Path `age` is required.","stack":"ValidationError: Customer validation failed: age: Path `age` is required.\n    at model.Document.invalidate (/projects/node-crud-evs/node_modules/mongoose/lib/document.js:3097:32)\n    at /projects/node-crud-evs/node_modules/mongoose/lib/document.js:2885:17\n    at /projects/node-crud-evs/node_modules/mongoose/lib/schematype.js:1349:9\n    at processTicksAndRejections (internal/process/task_queues.js:75:11)","errors":{"age":{"name":"ValidatorError","message":"Path `age` is required.","properties":{"message":"Path `age` is required.","type":"required","path":"age"},"kind":"required","path":"age"}},"_message":"Customer validation failed","level":"error","timestamp":"2022-11-03T10:21:53.428Z"}
{"level":"info","message":"App is listening on url http://localhost:8080","timestamp":"2022-11-03T10:22:25.973Z"}
{"level":"info","message":"MongoDb connected successfuly...","timestamp":"2022-11-03T10:22:25.985Z"}
{"level":"info","message":"App is listening on url http://localhost:8080","timestamp":"2022-11-03T10:22:47.207Z"}
{"level":"info","message":"MongoDb connected successfuly...","timestamp":"2022-11-03T10:22:47.229Z"}
{"level":"info","message":"App is listening on url http://localhost:8080","timestamp":"2022-11-03T10:31:12.987Z"}
{"level":"info","message":"MongoDb connected successfuly...","timestamp":"2022-11-03T10:31:13.000Z"}
{"level":"info","message":"App is listening on url http://localhost:8080","timestamp":"2022-11-03T10:31:14.739Z"}
{"level":"info","message":"MongoDb connected successfuly...","timestamp":"2022-11-03T10:31:14.757Z"}
{"level":"info","message":"App is listening on url http://localhost:8080","timestamp":"2022-11-03T10:31:46.137Z"}
{"level":"info","message":"MongoDb connected successfuly...","timestamp":"2022-11-03T10:31:46.152Z"}
{"level":"info","message":"App is listening on url http://localhost:8080","timestamp":"2022-11-03T10:31:47.856Z"}
{"level":"info","message":"MongoDb connected successfuly...","timestamp":"2022-11-03T10:31:47.870Z"}
{"level":"info","message":"App is listening on url http://localhost:8080","timestamp":"2022-11-03T10:31:54.124Z"}
{"level":"info","message":"MongoDb connected successfuly...","timestamp":"2022-11-03T10:31:54.143Z"}
{"message":"Customer validation failed: lastname: Path `lastname` (`raj`) is shorter than the minimum allowed length (5)., phonenumber: Path `phonenumber` (`9089765467`) is shorter than the minimum allowed length (11).","stack":"ValidationError: Customer validation failed: lastname: Path `lastname` (`raj`) is shorter than the minimum allowed length (5)., phonenumber: Path `phonenumber` (`9089765467`) is shorter than the minimum allowed length (11).\n    at model.Document.invalidate (/projects/node-crud-evs/node_modules/mongoose/lib/document.js:3097:32)\n    at /projects/node-crud-evs/node_modules/mongoose/lib/document.js:2885:17\n    at /projects/node-crud-evs/node_modules/mongoose/lib/schematype.js:1349:9\n    at processTicksAndRejections (internal/process/task_queues.js:75:11)","errors":{"lastname":{"name":"ValidatorError","message":"Path `lastname` (`raj`) is shorter than the minimum allowed length (5).","properties":{"message":"Path `lastname` (`raj`) is shorter than the minimum allowed length (5).","type":"minlength","minlength":5,"path":"lastname","value":"raj"},"kind":"minlength","path":"lastname","value":"raj"},"phonenumber":{"name":"ValidatorError","message":"Path `phonenumber` (`9089765467`) is shorter than the minimum allowed length (11).","properties":{"message":"Path `phonenumber` (`9089765467`) is shorter than the minimum allowed length (11).","type":"minlength","minlength":11,"path":"phonenumber","value":"9089765467"},"kind":"minlength","path":"phonenumber","value":"9089765467"}},"_message":"Customer validation failed","level":"error","timestamp":"2022-11-03T10:32:39.687Z"}
{"level":"info","message":"App is listening on url http://localhost:8080","timestamp":"2022-11-03T10:33:43.277Z"}
{"level":"info","message":"MongoDb connected successfuly...","timestamp":"2022-11-03T10:33:43.290Z"}
{"level":"info","message":"App is listening on url http://localhost:8080","timestamp":"2022-11-03T10:35:12.895Z"}
{"level":"info","message":"MongoDb connected successfuly...","timestamp":"2022-11-03T10:35:12.907Z"}
{"level":"info","message":"App is listening on url http://localhost:8080","timestamp":"2022-11-03T10:35:17.870Z"}
{"level":"info","message":"MongoDb connected successfuly...","timestamp":"2022-11-03T10:35:17.882Z"}
{"level":"info","message":"App is listening on url http://localhost:8080","timestamp":"2022-11-03T10:35:19.763Z"}
{"level":"info","message":"MongoDb connected successfuly...","timestamp":"2022-11-03T10:35:19.775Z"}
{"level":"info","message":"App is listening on url http://localhost:8080","timestamp":"2022-11-03T10:35:22.463Z"}
{"level":"info","message":"MongoDb connected successfuly...","timestamp":"2022-11-03T10:35:22.477Z"}
{"level":"info","message":"App is listening on url http://localhost:8080","timestamp":"2022-11-03T12:12:51.913Z"}
{"level":"info","message":"MongoDb connected successfuly...","timestamp":"2022-11-03T12:12:51.927Z"}
{"level":"info","message":"App is listening on url http://localhost:8080","timestamp":"2022-11-03T12:12:58.022Z"}
{"level":"info","message":"MongoDb connected successfuly...","timestamp":"2022-11-03T12:12:58.035Z"}
{"level":"info","message":"App is listening on url http://localhost:8080","timestamp":"2022-11-03T12:13:00.080Z"}
{"level":"info","message":"MongoDb connected successfuly...","timestamp":"2022-11-03T12:13:00.092Z"}
{"message":"Customer validation failed: lastname: Path `lastname` (`raj`) is shorter than the minimum allowed length (5)., phonenumber: Path `phonenumber` (`9080567423`) is shorter than the minimum allowed length (11).","stack":"ValidationError: Customer validation failed: lastname: Path `lastname` (`raj`) is shorter than the minimum allowed length (5)., phonenumber: Path `phonenumber` (`9080567423`) is shorter than the minimum allowed length (11).\n    at model.Document.invalidate (/projects/node-crud-evs/node_modules/mongoose/lib/document.js:3097:32)\n    at /projects/node-crud-evs/node_modules/mongoose/lib/document.js:2885:17\n    at /projects/node-crud-evs/node_modules/mongoose/lib/schematype.js:1349:9\n    at processTicksAndRejections (internal/process/task_queues.js:75:11)","errors":{"lastname":{"name":"ValidatorError","message":"Path `lastname` (`raj`) is shorter than the minimum allowed length (5).","properties":{"message":"Path `lastname` (`raj`) is shorter than the minimum allowed length (5).","type":"minlength","minlength":5,"path":"lastname","value":"raj"},"kind":"minlength","path":"lastname","value":"raj"},"phonenumber":{"name":"ValidatorError","message":"Path `phonenumber` (`9080567423`) is shorter than the minimum allowed length (11).","properties":{"message":"Path `phonenumber` (`9080567423`) is shorter than the minimum allowed length (11).","type":"minlength","minlength":11,"path":"phonenumber","value":"9080567423"},"kind":"minlength","path":"phonenumber","value":"9080567423"}},"_message":"Customer validation failed","level":"error","timestamp":"2022-11-03T12:15:01.670Z"}
{"level":"info","message":"App is listening on url http://localhost:8080","timestamp":"2022-11-03T12:16:38.749Z"}
{"level":"info","message":"MongoDb connected successfuly...","timestamp":"2022-11-03T12:16:38.763Z"}
{"level":"info","message":"App is listening on url http://localhost:8080","timestamp":"2022-11-03T12:16:47.385Z"}
{"level":"info","message":"MongoDb connected successfuly...","timestamp":"2022-11-03T12:16:47.400Z"}
{"message":"Customer validation failed: phonenumber: Path `phonenumber` (`9089786756`) is shorter than the minimum allowed length (11).","stack":"ValidationError: Customer validation failed: phonenumber: Path `phonenumber` (`9089786756`) is shorter than the minimum allowed length (11).\n    at model.Document.invalidate (/projects/node-crud-evs/node_modules/mongoose/lib/document.js:3097:32)\n    at /projects/node-crud-evs/node_modules/mongoose/lib/document.js:2885:17\n    at /projects/node-crud-evs/node_modules/mongoose/lib/schematype.js:1349:9\n    at processTicksAndRejections (internal/process/task_queues.js:75:11)","errors":{"phonenumber":{"name":"ValidatorError","message":"Path `phonenumber` (`9089786756`) is shorter than the minimum allowed length (11).","properties":{"message":"Path `phonenumber` (`9089786756`) is shorter than the minimum allowed length (11).","type":"minlength","minlength":11,"path":"phonenumber","value":"9089786756"},"kind":"minlength","path":"phonenumber","value":"9089786756"}},"_message":"Customer validation failed","level":"error","timestamp":"2022-11-03T12:17:38.897Z"}
{"level":"info","message":"App is listening on url http://localhost:8080","timestamp":"2022-11-03T12:17:56.527Z"}
{"level":"info","message":"MongoDb connected successfuly...","timestamp":"2022-11-03T12:17:56.540Z"}
{"level":"info","message":"App is listening on url http://localhost:8080","timestamp":"2022-11-03T12:31:24.603Z"}
{"level":"info","message":"MongoDb connected successfuly...","timestamp":"2022-11-03T12:31:24.618Z"}
{"level":"info","message":"App is listening on url http://localhost:8080","timestamp":"2022-11-03T12:31:30.546Z"}
{"level":"info","message":"MongoDb connected successfuly...","timestamp":"2022-11-03T12:31:30.560Z"}
{"level":"info","message":"App is listening on url http://localhost:8080","timestamp":"2022-11-03T12:31:41.154Z"}
{"level":"info","message":"MongoDb connected successfuly...","timestamp":"2022-11-03T12:31:41.168Z"}
{"level":"info","message":"App is listening on url http://localhost:8080","timestamp":"2022-11-03T12:31:47.182Z"}
{"level":"info","message":"MongoDb connected successfuly...","timestamp":"2022-11-03T12:31:47.193Z"}
{"level":"info","message":"App is listening on url http://localhost:8080","timestamp":"2022-11-03T12:32:09.006Z"}
{"level":"info","message":"MongoDb connected successfuly...","timestamp":"2022-11-03T12:32:09.023Z"}
{"level":"info","message":"App is listening on url http://localhost:8080","timestamp":"2022-11-03T12:32:09.362Z"}
{"level":"info","message":"MongoDb connected successfuly...","timestamp":"2022-11-03T12:32:09.376Z"}
{"level":"info","message":"App is listening on url http://localhost:8080","timestamp":"2022-11-03T12:38:41.113Z"}
{"level":"info","message":"MongoDb connected successfuly...","timestamp":"2022-11-03T12:38:41.125Z"}
{"level":"info","message":"App is listening on url http://localhost:8080","timestamp":"2022-11-03T12:38:50.821Z"}
{"level":"info","message":"MongoDb connected successfuly...","timestamp":"2022-11-03T12:38:50.839Z"}
{"level":"info","message":"App is listening on url http://localhost:8080","timestamp":"2022-11-03T12:38:53.143Z"}
{"level":"info","message":"MongoDb connected successfuly...","timestamp":"2022-11-03T12:38:53.157Z"}
{"level":"info","message":"App is listening on url http://localhost:8080","timestamp":"2022-11-04T04:40:51.095Z"}
{"level":"info","message":"MongoDb connected successfuly...","timestamp":"2022-11-04T04:40:51.106Z"}
